0 info it worked if it ends with ok
1 verbose cli [ 'D:\\nodeJS\\\\node.exe',
1 verbose cli   'D:\\nodeJS\\node_modules\\npm\\bin\\npm-cli.js',
1 verbose cli   'install',
1 verbose cli   '-g',
1 verbose cli   'npm-cli.js' ]
2 info using npm@1.4.28
3 info using node@v0.10.32
4 verbose node symlink D:\nodeJS\\node.exe
5 verbose readDependencies using package.json deps
6 verbose cache add [ 'npm-cli.js', null ]
7 verbose cache add name=undefined spec="npm-cli.js" args=["npm-cli.js",null]
8 verbose parsed url { protocol: null,
8 verbose parsed url   slashes: null,
8 verbose parsed url   auth: null,
8 verbose parsed url   host: null,
8 verbose parsed url   port: null,
8 verbose parsed url   hostname: null,
8 verbose parsed url   hash: null,
8 verbose parsed url   search: null,
8 verbose parsed url   query: null,
8 verbose parsed url   pathname: 'npm-cli.js',
8 verbose parsed url   path: 'npm-cli.js',
8 verbose parsed url   href: 'npm-cli.js' }
9 silly lockFile 196983e8-npm-cli-js npm-cli.js
10 verbose lock npm-cli.js D:\nodeJS\node_cache\196983e8-npm-cli-js.lock
11 silly lockFile 196983e8-npm-cli-js npm-cli.js
12 silly lockFile 196983e8-npm-cli-js npm-cli.js
13 verbose addNamed [ 'npm-cli.js', '' ]
14 verbose addNamed [ null, '*' ]
15 silly lockFile e2728326-npm-cli-js npm-cli.js@
16 verbose lock npm-cli.js@ D:\nodeJS\node_cache\e2728326-npm-cli-js.lock
17 silly addNameRange { name: 'npm-cli.js', range: '*', hasData: false }
18 verbose request where is /npm-cli.js
19 verbose request registry https://registry.npmjs.org/
20 verbose request id 8d110119640ef6f7
21 verbose url raw /npm-cli.js
22 verbose url resolving [ 'https://registry.npmjs.org/', './npm-cli.js' ]
23 verbose url resolved https://registry.npmjs.org/npm-cli.js
24 verbose request where is https://registry.npmjs.org/npm-cli.js
25 info trying registry request attempt 1 at 21:49:16
26 http GET https://registry.npmjs.org/npm-cli.js
27 http 404 https://registry.npmjs.org/npm-cli.js
28 verbose headers { server: 'CouchDB/1.5.0 (Erlang OTP/R16B03)',
28 verbose headers   'content-type': 'application/json',
28 verbose headers   'cache-control': 'max-age=0',
28 verbose headers   'content-length': '51',
28 verbose headers   'accept-ranges': 'bytes',
28 verbose headers   date: 'Sun, 24 May 2015 13:49:22 GMT',
28 verbose headers   via: '1.1 varnish',
28 verbose headers   age: '0',
28 verbose headers   connection: 'keep-alive',
28 verbose headers   'x-served-by': 'cache-nrt6134-NRT',
28 verbose headers   'x-cache': 'MISS',
28 verbose headers   'x-cache-hits': '0',
28 verbose headers   'x-timer': 'S1432475362.023874,VS0,VE715' }
29 silly registry.get cb [ 404,
29 silly registry.get   { server: 'CouchDB/1.5.0 (Erlang OTP/R16B03)',
29 silly registry.get     'content-type': 'application/json',
29 silly registry.get     'cache-control': 'max-age=0',
29 silly registry.get     'content-length': '51',
29 silly registry.get     'accept-ranges': 'bytes',
29 silly registry.get     date: 'Sun, 24 May 2015 13:49:22 GMT',
29 silly registry.get     via: '1.1 varnish',
29 silly registry.get     age: '0',
29 silly registry.get     connection: 'keep-alive',
29 silly registry.get     'x-served-by': 'cache-nrt6134-NRT',
29 silly registry.get     'x-cache': 'MISS',
29 silly registry.get     'x-cache-hits': '0',
29 silly registry.get     'x-timer': 'S1432475362.023874,VS0,VE715' } ]
30 silly lockFile e2728326-npm-cli-js npm-cli.js@
31 silly lockFile e2728326-npm-cli-js npm-cli.js@
32 error 404 404 Not Found: npm-cli.js
32 error 404
32 error 404 'npm-cli.js' is not in the npm registry.
32 error 404 You should bug the author to publish it
32 error 404 It was specified as a dependency of 'application-name'
32 error 404
32 error 404 Maybe try 'npm search npm cli'
32 error 404
32 error 404 Note that you can also install from a
32 error 404 tarball, folder, or http url, or git url.
33 error System Windows_NT 6.2.9200
34 error command "D:\\nodeJS\\\\node.exe" "D:\\nodeJS\\node_modules\\npm\\bin\\npm-cli.js" "install" "-g" "npm-cli.js"
35 error cwd D:\node_study\fileoperate
36 error node -v v0.10.32
37 error npm -v 1.4.28
38 error code E404
39 verbose exit [ 1, true ]
